<?xml version="1.0" encoding="UTF-8"?>
<!-- Generated by org.testng.reporters.JUnitXMLReporter -->
<testsuite ignored="0" hostname="YISRINIV-IN" failures="0" tests="4" name="Default test" time="0.041" errors="0" timestamp="25 Nov 2020 08:41:55 GMT">
  <testcase classname="com.qa.Test.TestOne" name="div" time="0.011"/>
  <testcase classname="com.qa.Test.TestOne" name="mul" time="0.001"/>
  <testcase classname="com.qa.Test.TestOne" name="sub" time="0.001"/>
  <testcase classname="com.qa.Test.TestOne" name="sum" time="0.001"/>
</testsuite> <!-- Default test -->
