<?xml version="1.0" encoding="UTF-8"?>
<testng-results ignored="0" total="4" passed="4" failed="0" skipped="0">
  <reporter-output>
  </reporter-output>
  <suite started-at="2020-11-25T08:41:55Z" name="Default suite" finished-at="2020-11-25T08:41:55Z" duration-ms="41">
    <groups>
    </groups>
    <test started-at="2020-11-25T08:41:55Z" name="Default test" finished-at="2020-11-25T08:41:55Z" duration-ms="41">
      <class name="com.qa.Test.TestOne">
        <test-method signature="div()[pri:0, instance:com.qa.Test.TestOne@5e4c8041]" started-at="2020-11-25T08:41:55Z" name="div" finished-at="2020-11-25T08:41:55Z" duration-ms="11" status="PASS">
          <reporter-output>
          </reporter-output>
        </test-method> <!-- div -->
        <test-method signature="mul()[pri:0, instance:com.qa.Test.TestOne@5e4c8041]" started-at="2020-11-25T08:41:55Z" name="mul" finished-at="2020-11-25T08:41:55Z" duration-ms="1" status="PASS">
          <reporter-output>
          </reporter-output>
        </test-method> <!-- mul -->
        <test-method signature="sub()[pri:0, instance:com.qa.Test.TestOne@5e4c8041]" started-at="2020-11-25T08:41:55Z" name="sub" finished-at="2020-11-25T08:41:55Z" duration-ms="1" status="PASS">
          <reporter-output>
          </reporter-output>
        </test-method> <!-- sub -->
        <test-method signature="sum()[pri:0, instance:com.qa.Test.TestOne@5e4c8041]" started-at="2020-11-25T08:41:55Z" name="sum" finished-at="2020-11-25T08:41:55Z" duration-ms="1" status="PASS">
          <reporter-output>
          </reporter-output>
        </test-method> <!-- sum -->
      </class> <!-- com.qa.Test.TestOne -->
    </test> <!-- Default test -->
  </suite> <!-- Default suite -->
</testng-results>
