<?xml version="1.0" encoding="UTF-8"?>
<!-- Generated by org.testng.reporters.JUnitXMLReporter -->
<testsuite ignored="0" hostname="YISRINIV-IN" failures="0" tests="8" name="Maven Test" time="0.037" errors="0" timestamp="25 Nov 2020 09:53:52 GMT">
  <testcase classname="com.qa.Test.TestOne" name="div" time="0.009"/>
  <testcase classname="com.qa.Test.TestOne" name="mul" time="0.0"/>
  <testcase classname="com.qa.Test.TestOne" name="sub" time="0.001"/>
  <testcase classname="com.qa.Test.TestOne" name="sum" time="0.0"/>
  <testcase classname="com.qa.Test.TestTwo" name="div" time="0.0"/>
  <testcase classname="com.qa.Test.TestTwo" name="mul" time="0.0"/>
  <testcase classname="com.qa.Test.TestTwo" name="sub" time="0.0"/>
  <testcase classname="com.qa.Test.TestTwo" name="sum" time="0.0"/>
</testsuite> <!-- Maven Test -->
